<?xml version="1.0" encoding="UTF-8"?>
<testsuite xmlns:xsi="http://www.w3.org/2001/XMLSchema-instance" xsi:noNamespaceSchemaLocation="https://maven.apache.org/surefire/maven-surefire-plugin/xsd/surefire-test-report-3.0.xsd" version="3.0" name="com.example.nerve.core.NerveCoreTest" time="0.073" tests="2" errors="0" skipped="0" failures="0">
  <properties>
    <property name="gopherProxySet" value="false"/>
    <property name="awt.toolkit" value="sun.lwawt.macosx.LWCToolkit"/>
    <property name="socksProxyHost" value="127.0.0.1"/>
    <property name="file.encoding.pkg" value="sun.io"/>
    <property name="java.specification.version" value="1.8"/>
    <property name="sun.cpu.isalist" value=""/>
    <property name="sun.jnu.encoding" value="UTF-8"/>
    <property name="java.class.path" value="/Users/weidong/open_source/small_world/nerve/nerve-core/target/test-classes:/Users/weidong/open_source/small_world/nerve/nerve-core/target/classes:/Users/weidong/.m2/repository/org/junit/jupiter/junit-jupiter/5.8.1/junit-jupiter-5.8.1.jar:/Users/weidong/.m2/repository/org/junit/jupiter/junit-jupiter-api/5.8.1/junit-jupiter-api-5.8.1.jar:/Users/weidong/.m2/repository/org/opentest4j/opentest4j/1.2.0/opentest4j-1.2.0.jar:/Users/weidong/.m2/repository/org/junit/platform/junit-platform-commons/1.8.1/junit-platform-commons-1.8.1.jar:/Users/weidong/.m2/repository/org/apiguardian/apiguardian-api/1.1.2/apiguardian-api-1.1.2.jar:/Users/weidong/.m2/repository/org/junit/jupiter/junit-jupiter-params/5.8.1/junit-jupiter-params-5.8.1.jar:/Users/weidong/.m2/repository/org/junit/jupiter/junit-jupiter-engine/5.8.1/junit-jupiter-engine-5.8.1.jar:/Users/weidong/.m2/repository/org/junit/platform/junit-platform-engine/1.8.1/junit-platform-engine-1.8.1.jar:"/>
    <property name="java.vm.vendor" value="Oracle Corporation"/>
    <property name="sun.arch.data.model" value="64"/>
    <property name="java.vendor.url" value="http://java.oracle.com/"/>
    <property name="user.timezone" value=""/>
    <property name="java.vm.specification.version" value="1.8"/>
    <property name="os.name" value="Mac OS X"/>
    <property name="user.country" value="CN"/>
    <property name="sun.java.launcher" value="SUN_STANDARD"/>
    <property name="sun.boot.library.path" value="/Library/Java/JavaVirtualMachines/jdk1.8.0_151.jdk/Contents/Home/jre/lib"/>
    <property name="sun.java.command" value="/Users/weidong/open_source/small_world/nerve/nerve-core/target/surefire/surefirebooter-20250831163215801_3.jar /Users/weidong/open_source/small_world/nerve/nerve-core/target/surefire 2025-08-31T16-32-09_442-jvmRun1 surefire-20250831163215801_1tmp surefire_0-20250831163215801_2tmp"/>
    <property name="http.nonProxyHosts" value="360.cn|*.360.cn|ali.com|*.ali.com|alibaba-inc.com|*.alibaba-inc.com|alibaba.com|*.alibaba.com|alibaba.net|*.alibaba.net|alibabacorp.com|*.alibabacorp.com|alicdn.com|*.alicdn.com|alikunlun.com|*.alikunlun.com|alipay-corp.com|*.alipay-corp.com|alipay-inc.com|*.alipay-inc.com|alipay.com|*.alipay.com|alipay.net|*.alipay.net|alipayobjects.com|*.alipayobjects.com|alistatic.com|*.alistatic.com|alitrip.com|*.alitrip.com|aliway.com|*.aliway.com|aliyun-inc.com|*.aliyun-inc.com|aliyun.com|*.aliyun.com|aliyuncs.com|*.aliyuncs.com|alizoo.com|*.alizoo.com|amap.com|*.amap.com|antdigital.com|*.antdigital.com|antfin-inc.com|*.antfin-inc.com|antfin.com|*.antfin.com|antfinancial-corp.com|*.antfinancial-corp.com|antgroup-inc.cn|*.antgroup-inc.cn|antsdaq-corp.com|*.antsdaq-corp.com|anyproxy.io|*.anyproxy.io|appx.dev|*.appx.dev|appx.run|*.appx.run|apsaraun.com|*.apsaraun.com|atatech.org|*.atatech.org|axintrip.com|*.axintrip.com|baidu.com|*.baidu.com|cainiao-inc.com|*.cainiao-inc.com|cnzz.com|*.cnzz.com|dingtalk.com|*.dingtalk.com|dingtalkapps.com|*.dingtalkapps.com|drophone-hive.com|*.drophone-hive.com|drophone.com|*.drophone.com|ebanma.com|*.ebanma.com|effirst.com|*.effirst.com|ele.me|*.ele.me|ele.to|*.ele.to|eleme.cn|*.eleme.cn|eleme.com.cn|*.eleme.com.cn|eleme.io|*.eleme.io|elemecdn.cn|*.elemecdn.cn|elemecdn.com|*.elemecdn.com|elenet.me|*.elenet.me|fliggy.com|*.fliggy.com|gts.work|*.gts.work|hemaos.com|*.hemaos.com|ialicdn.com|*.ialicdn.com|keruyun.com|*.keruyun.com|koubei-corp.com|*.koubei-corp.com|laifengmi.com|*.laifengmi.com|lazada.com|*.lazada.com|lazada.sg|*.lazada.sg|lazada.vn|*.lazada.vn|ltao.com|*.ltao.com|mayibank.net|*.mayibank.net|mini-code.com|*.mini-code.com|mini.dev|*.mini.dev|miniapp.dev|*.miniapp.dev|miniprogram.dev|*.miniprogram.dev|miravia.net|*.miravia.net|mmstat.com|*.mmstat.com|mybank-corp.cn|*.mybank-corp.cn|nlark.com|*.nlark.com|oceanbase-dev.com|*.oceanbase-dev.com|oceanbase.com|*.oceanbase.com|qq.com|*.qq.com|rajax-inc.com|*.rajax-inc.com|rajax-inc.net|*.rajax-inc.net|rajax.me|*.rajax.me|shishike.com|*.shishike.com|sm.cn|*.sm.cn|t-head.cn|*.t-head.cn|taobao.com|*.taobao.com|taobao.net|*.taobao.net|taobao.org|*.taobao.org|taotian.com|*.taotian.com|tbcdn.cn|*.tbcdn.cn|tbsite.net|*.tbsite.net|tmall.com|*.tmall.com|tmall.net|*.tmall.net|ucweb.local|*.ucweb.local|weiyun.com|*.weiyun.com|wz-inc.com|*.wz-inc.com|yisou.com|*.yisou.com|yunos-inc.com|*.yunos-inc.com|yunos.com|*.yunos.com|yuque.com|*.yuque.com|zkobjects.com|*.zkobjects.com|zmxy-corp.com.cn|*.zmxy-corp.com.cn|alipayobjects.com|*.alipayobjects.com|cloudprinter-hz.taobao.ali.com|*.cloudprinter-hz.taobao.ali.com|done.cdn.alibabadesign.com|*.done.cdn.alibabadesign.com|h5.dingtalk.com|*.h5.dingtalk.com|weibo.com|*.weibo.com|aliyuncsas.com|*.aliyuncsas.com|cloudsecsase.com|*.cloudsecsase.com|mxhichina.com|*.mxhichina.com|aliapp.org|*.aliapp.org|alibabausercontent.com|*.alibabausercontent.com|mobgslb.tbcache.com|*.mobgslb.tbcache.com|lw.aliimg.com|*.lw.aliimg.com|teambition.com|*.teambition.com|teambition.net|*.teambition.net|aliwork.com|*.aliwork.com|aliyunpds.com|*.aliyunpds.com|alimebot.com|*.alimebot.com|ztna-dingtalk.com|*.ztna-dingtalk.com|dingtalk.cn|*.dingtalk.cn|myxiaojin.cn|*.myxiaojin.cn|myxiaojinstatic.cn|*.myxiaojinstatic.cn|mybank.cn|*.mybank.cn|credit-inc.cn|*.credit-inc.cn|antglobal-inc.com|*.antglobal-inc.com|alipayplus-corp.com|*.alipayplus-corp.com|alipay.cn|*.alipay.cn|antgroup.com|*.antgroup.com|local|*.local|xunlei.com|*.xunlei.com|zhihu.com|*.zhihu.com|sogou.com|*.sogou.com|wps.cn|*.wps.cn|bilibili.com|*.bilibili.com|163.com|*.163.com|marmot-cloud.com|*.marmot-cloud.com|marmot-cloud.com|*.marmot-cloud.com|lydaas.com|*.lydaas.com|juejin.cn|*.juejin.cn|dingrtc.com|*.dingrtc.com|cainiao.net|*.cainiao.net|zonemng-pool|*.zonemng-pool|mokahr.com|*.mokahr.com|baidu.com|*.baidu.com|bootlin.com|*.bootlin.com|bootlin.com|*.bootlin.com|antlending.com.hk|*.antlending.com.hk|antus-inc.com|*.antus-inc.com|alipaydev.com|*.alipaydev.com|alipayplus.com|*.alipayplus.com|cticloud.cn|*.cticloud.cn"/>
    <property name="surefire.test.class.path" value="/Users/weidong/open_source/small_world/nerve/nerve-core/target/test-classes:/Users/weidong/open_source/small_world/nerve/nerve-core/target/classes:/Users/weidong/.m2/repository/org/junit/jupiter/junit-jupiter/5.8.1/junit-jupiter-5.8.1.jar:/Users/weidong/.m2/repository/org/junit/jupiter/junit-jupiter-api/5.8.1/junit-jupiter-api-5.8.1.jar:/Users/weidong/.m2/repository/org/opentest4j/opentest4j/1.2.0/opentest4j-1.2.0.jar:/Users/weidong/.m2/repository/org/junit/platform/junit-platform-commons/1.8.1/junit-platform-commons-1.8.1.jar:/Users/weidong/.m2/repository/org/apiguardian/apiguardian-api/1.1.2/apiguardian-api-1.1.2.jar:/Users/weidong/.m2/repository/org/junit/jupiter/junit-jupiter-params/5.8.1/junit-jupiter-params-5.8.1.jar:/Users/weidong/.m2/repository/org/junit/jupiter/junit-jupiter-engine/5.8.1/junit-jupiter-engine-5.8.1.jar:/Users/weidong/.m2/repository/org/junit/platform/junit-platform-engine/1.8.1/junit-platform-engine-1.8.1.jar:"/>
    <property name="sun.cpu.endian" value="little"/>
    <property name="user.home" value="/Users/weidong"/>
    <property name="user.language" value="zh"/>
    <property name="java.specification.vendor" value="Oracle Corporation"/>
    <property name="java.home" value="/Library/Java/JavaVirtualMachines/jdk1.8.0_151.jdk/Contents/Home/jre"/>
    <property name="basedir" value="/Users/weidong/open_source/small_world/nerve/nerve-core"/>
    <property name="file.separator" value="/"/>
    <property name="line.separator" value="&#10;"/>
    <property name="java.vm.specification.vendor" value="Oracle Corporation"/>
    <property name="java.specification.name" value="Java Platform API Specification"/>
    <property name="java.awt.graphicsenv" value="sun.awt.CGraphicsEnvironment"/>
    <property name="surefire.real.class.path" value="/Users/weidong/open_source/small_world/nerve/nerve-core/target/surefire/surefirebooter-20250831163215801_3.jar"/>
    <property name="sun.boot.class.path" value="/Library/Java/JavaVirtualMachines/jdk1.8.0_151.jdk/Contents/Home/jre/lib/resources.jar:/Library/Java/JavaVirtualMachines/jdk1.8.0_151.jdk/Contents/Home/jre/lib/rt.jar:/Library/Java/JavaVirtualMachines/jdk1.8.0_151.jdk/Contents/Home/jre/lib/sunrsasign.jar:/Library/Java/JavaVirtualMachines/jdk1.8.0_151.jdk/Contents/Home/jre/lib/jsse.jar:/Library/Java/JavaVirtualMachines/jdk1.8.0_151.jdk/Contents/Home/jre/lib/jce.jar:/Library/Java/JavaVirtualMachines/jdk1.8.0_151.jdk/Contents/Home/jre/lib/charsets.jar:/Library/Java/JavaVirtualMachines/jdk1.8.0_151.jdk/Contents/Home/jre/lib/jfr.jar:/Library/Java/JavaVirtualMachines/jdk1.8.0_151.jdk/Contents/Home/jre/classes"/>
    <property name="sun.management.compiler" value="HotSpot 64-Bit Tiered Compilers"/>
    <property name="ftp.nonProxyHosts" value="360.cn|*.360.cn|ali.com|*.ali.com|alibaba-inc.com|*.alibaba-inc.com|alibaba.com|*.alibaba.com|alibaba.net|*.alibaba.net|alibabacorp.com|*.alibabacorp.com|alicdn.com|*.alicdn.com|alikunlun.com|*.alikunlun.com|alipay-corp.com|*.alipay-corp.com|alipay-inc.com|*.alipay-inc.com|alipay.com|*.alipay.com|alipay.net|*.alipay.net|alipayobjects.com|*.alipayobjects.com|alistatic.com|*.alistatic.com|alitrip.com|*.alitrip.com|aliway.com|*.aliway.com|aliyun-inc.com|*.aliyun-inc.com|aliyun.com|*.aliyun.com|aliyuncs.com|*.aliyuncs.com|alizoo.com|*.alizoo.com|amap.com|*.amap.com|antdigital.com|*.antdigital.com|antfin-inc.com|*.antfin-inc.com|antfin.com|*.antfin.com|antfinancial-corp.com|*.antfinancial-corp.com|antgroup-inc.cn|*.antgroup-inc.cn|antsdaq-corp.com|*.antsdaq-corp.com|anyproxy.io|*.anyproxy.io|appx.dev|*.appx.dev|appx.run|*.appx.run|apsaraun.com|*.apsaraun.com|atatech.org|*.atatech.org|axintrip.com|*.axintrip.com|baidu.com|*.baidu.com|cainiao-inc.com|*.cainiao-inc.com|cnzz.com|*.cnzz.com|dingtalk.com|*.dingtalk.com|dingtalkapps.com|*.dingtalkapps.com|drophone-hive.com|*.drophone-hive.com|drophone.com|*.drophone.com|ebanma.com|*.ebanma.com|effirst.com|*.effirst.com|ele.me|*.ele.me|ele.to|*.ele.to|eleme.cn|*.eleme.cn|eleme.com.cn|*.eleme.com.cn|eleme.io|*.eleme.io|elemecdn.cn|*.elemecdn.cn|elemecdn.com|*.elemecdn.com|elenet.me|*.elenet.me|fliggy.com|*.fliggy.com|gts.work|*.gts.work|hemaos.com|*.hemaos.com|ialicdn.com|*.ialicdn.com|keruyun.com|*.keruyun.com|koubei-corp.com|*.koubei-corp.com|laifengmi.com|*.laifengmi.com|lazada.com|*.lazada.com|lazada.sg|*.lazada.sg|lazada.vn|*.lazada.vn|ltao.com|*.ltao.com|mayibank.net|*.mayibank.net|mini-code.com|*.mini-code.com|mini.dev|*.mini.dev|miniapp.dev|*.miniapp.dev|miniprogram.dev|*.miniprogram.dev|miravia.net|*.miravia.net|mmstat.com|*.mmstat.com|mybank-corp.cn|*.mybank-corp.cn|nlark.com|*.nlark.com|oceanbase-dev.com|*.oceanbase-dev.com|oceanbase.com|*.oceanbase.com|qq.com|*.qq.com|rajax-inc.com|*.rajax-inc.com|rajax-inc.net|*.rajax-inc.net|rajax.me|*.rajax.me|shishike.com|*.shishike.com|sm.cn|*.sm.cn|t-head.cn|*.t-head.cn|taobao.com|*.taobao.com|taobao.net|*.taobao.net|taobao.org|*.taobao.org|taotian.com|*.taotian.com|tbcdn.cn|*.tbcdn.cn|tbsite.net|*.tbsite.net|tmall.com|*.tmall.com|tmall.net|*.tmall.net|ucweb.local|*.ucweb.local|weiyun.com|*.weiyun.com|wz-inc.com|*.wz-inc.com|yisou.com|*.yisou.com|yunos-inc.com|*.yunos-inc.com|yunos.com|*.yunos.com|yuque.com|*.yuque.com|zkobjects.com|*.zkobjects.com|zmxy-corp.com.cn|*.zmxy-corp.com.cn|alipayobjects.com|*.alipayobjects.com|cloudprinter-hz.taobao.ali.com|*.cloudprinter-hz.taobao.ali.com|done.cdn.alibabadesign.com|*.done.cdn.alibabadesign.com|h5.dingtalk.com|*.h5.dingtalk.com|weibo.com|*.weibo.com|aliyuncsas.com|*.aliyuncsas.com|cloudsecsase.com|*.cloudsecsase.com|mxhichina.com|*.mxhichina.com|aliapp.org|*.aliapp.org|alibabausercontent.com|*.alibabausercontent.com|mobgslb.tbcache.com|*.mobgslb.tbcache.com|lw.aliimg.com|*.lw.aliimg.com|teambition.com|*.teambition.com|teambition.net|*.teambition.net|aliwork.com|*.aliwork.com|aliyunpds.com|*.aliyunpds.com|alimebot.com|*.alimebot.com|ztna-dingtalk.com|*.ztna-dingtalk.com|dingtalk.cn|*.dingtalk.cn|myxiaojin.cn|*.myxiaojin.cn|myxiaojinstatic.cn|*.myxiaojinstatic.cn|mybank.cn|*.mybank.cn|credit-inc.cn|*.credit-inc.cn|antglobal-inc.com|*.antglobal-inc.com|alipayplus-corp.com|*.alipayplus-corp.com|alipay.cn|*.alipay.cn|antgroup.com|*.antgroup.com|local|*.local|xunlei.com|*.xunlei.com|zhihu.com|*.zhihu.com|sogou.com|*.sogou.com|wps.cn|*.wps.cn|bilibili.com|*.bilibili.com|163.com|*.163.com|marmot-cloud.com|*.marmot-cloud.com|marmot-cloud.com|*.marmot-cloud.com|lydaas.com|*.lydaas.com|juejin.cn|*.juejin.cn|dingrtc.com|*.dingrtc.com|cainiao.net|*.cainiao.net|zonemng-pool|*.zonemng-pool|mokahr.com|*.mokahr.com|baidu.com|*.baidu.com|bootlin.com|*.bootlin.com|bootlin.com|*.bootlin.com|antlending.com.hk|*.antlending.com.hk|antus-inc.com|*.antus-inc.com|alipaydev.com|*.alipaydev.com|alipayplus.com|*.alipayplus.com|cticloud.cn|*.cticloud.cn"/>
    <property name="java.runtime.version" value="1.8.0_151-b12"/>
    <property name="user.name" value="weidong"/>
    <property name="path.separator" value=":"/>
    <property name="os.version" value="10.16"/>
    <property name="java.endorsed.dirs" value="/Library/Java/JavaVirtualMachines/jdk1.8.0_151.jdk/Contents/Home/jre/lib/endorsed"/>
    <property name="java.runtime.name" value="Java(TM) SE Runtime Environment"/>
    <property name="file.encoding" value="UTF-8"/>
    <property name="java.vm.name" value="Java HotSpot(TM) 64-Bit Server VM"/>
    <property name="localRepository" value="/Users/weidong/.m2/repository"/>
    <property name="java.vendor.url.bug" value="http://bugreport.sun.com/bugreport/"/>
    <property name="java.io.tmpdir" value="/var/folders/d0/qzr0sqdx3z52g5y_98z1t3y40000gp/T/"/>
    <property name="java.version" value="1.8.0_151"/>
    <property name="user.dir" value="/Users/weidong/open_source/small_world/nerve/nerve-core"/>
    <property name="os.arch" value="x86_64"/>
    <property name="socksProxyPort" value="13659"/>
    <property name="java.vm.specification.name" value="Java Virtual Machine Specification"/>
    <property name="java.awt.printerjob" value="sun.lwawt.macosx.CPrinterJob"/>
    <property name="sun.os.patch.level" value="unknown"/>
    <property name="java.library.path" value="/Users/weidong/Library/Java/Extensions:/Library/Java/Extensions:/Network/Library/Java/Extensions:/System/Library/Java/Extensions:/usr/lib/java:."/>
    <property name="java.vm.info" value="mixed mode"/>
    <property name="java.vendor" value="Oracle Corporation"/>
    <property name="java.vm.version" value="25.151-b12"/>
    <property name="java.ext.dirs" value="/Users/weidong/Library/Java/Extensions:/Library/Java/JavaVirtualMachines/jdk1.8.0_151.jdk/Contents/Home/jre/lib/ext:/Library/Java/Extensions:/Network/Library/Java/Extensions:/System/Library/Java/Extensions:/usr/lib/java"/>
    <property name="sun.io.unicode.encoding" value="UnicodeBig"/>
    <property name="java.class.version" value="52.0"/>
    <property name="socksNonProxyHosts" value="360.cn|*.360.cn|ali.com|*.ali.com|alibaba-inc.com|*.alibaba-inc.com|alibaba.com|*.alibaba.com|alibaba.net|*.alibaba.net|alibabacorp.com|*.alibabacorp.com|alicdn.com|*.alicdn.com|alikunlun.com|*.alikunlun.com|alipay-corp.com|*.alipay-corp.com|alipay-inc.com|*.alipay-inc.com|alipay.com|*.alipay.com|alipay.net|*.alipay.net|alipayobjects.com|*.alipayobjects.com|alistatic.com|*.alistatic.com|alitrip.com|*.alitrip.com|aliway.com|*.aliway.com|aliyun-inc.com|*.aliyun-inc.com|aliyun.com|*.aliyun.com|aliyuncs.com|*.aliyuncs.com|alizoo.com|*.alizoo.com|amap.com|*.amap.com|antdigital.com|*.antdigital.com|antfin-inc.com|*.antfin-inc.com|antfin.com|*.antfin.com|antfinancial-corp.com|*.antfinancial-corp.com|antgroup-inc.cn|*.antgroup-inc.cn|antsdaq-corp.com|*.antsdaq-corp.com|anyproxy.io|*.anyproxy.io|appx.dev|*.appx.dev|appx.run|*.appx.run|apsaraun.com|*.apsaraun.com|atatech.org|*.atatech.org|axintrip.com|*.axintrip.com|baidu.com|*.baidu.com|cainiao-inc.com|*.cainiao-inc.com|cnzz.com|*.cnzz.com|dingtalk.com|*.dingtalk.com|dingtalkapps.com|*.dingtalkapps.com|drophone-hive.com|*.drophone-hive.com|drophone.com|*.drophone.com|ebanma.com|*.ebanma.com|effirst.com|*.effirst.com|ele.me|*.ele.me|ele.to|*.ele.to|eleme.cn|*.eleme.cn|eleme.com.cn|*.eleme.com.cn|eleme.io|*.eleme.io|elemecdn.cn|*.elemecdn.cn|elemecdn.com|*.elemecdn.com|elenet.me|*.elenet.me|fliggy.com|*.fliggy.com|gts.work|*.gts.work|hemaos.com|*.hemaos.com|ialicdn.com|*.ialicdn.com|keruyun.com|*.keruyun.com|koubei-corp.com|*.koubei-corp.com|laifengmi.com|*.laifengmi.com|lazada.com|*.lazada.com|lazada.sg|*.lazada.sg|lazada.vn|*.lazada.vn|ltao.com|*.ltao.com|mayibank.net|*.mayibank.net|mini-code.com|*.mini-code.com|mini.dev|*.mini.dev|miniapp.dev|*.miniapp.dev|miniprogram.dev|*.miniprogram.dev|miravia.net|*.miravia.net|mmstat.com|*.mmstat.com|mybank-corp.cn|*.mybank-corp.cn|nlark.com|*.nlark.com|oceanbase-dev.com|*.oceanbase-dev.com|oceanbase.com|*.oceanbase.com|qq.com|*.qq.com|rajax-inc.com|*.rajax-inc.com|rajax-inc.net|*.rajax-inc.net|rajax.me|*.rajax.me|shishike.com|*.shishike.com|sm.cn|*.sm.cn|t-head.cn|*.t-head.cn|taobao.com|*.taobao.com|taobao.net|*.taobao.net|taobao.org|*.taobao.org|taotian.com|*.taotian.com|tbcdn.cn|*.tbcdn.cn|tbsite.net|*.tbsite.net|tmall.com|*.tmall.com|tmall.net|*.tmall.net|ucweb.local|*.ucweb.local|weiyun.com|*.weiyun.com|wz-inc.com|*.wz-inc.com|yisou.com|*.yisou.com|yunos-inc.com|*.yunos-inc.com|yunos.com|*.yunos.com|yuque.com|*.yuque.com|zkobjects.com|*.zkobjects.com|zmxy-corp.com.cn|*.zmxy-corp.com.cn|alipayobjects.com|*.alipayobjects.com|cloudprinter-hz.taobao.ali.com|*.cloudprinter-hz.taobao.ali.com|done.cdn.alibabadesign.com|*.done.cdn.alibabadesign.com|h5.dingtalk.com|*.h5.dingtalk.com|weibo.com|*.weibo.com|aliyuncsas.com|*.aliyuncsas.com|cloudsecsase.com|*.cloudsecsase.com|mxhichina.com|*.mxhichina.com|aliapp.org|*.aliapp.org|alibabausercontent.com|*.alibabausercontent.com|mobgslb.tbcache.com|*.mobgslb.tbcache.com|lw.aliimg.com|*.lw.aliimg.com|teambition.com|*.teambition.com|teambition.net|*.teambition.net|aliwork.com|*.aliwork.com|aliyunpds.com|*.aliyunpds.com|alimebot.com|*.alimebot.com|ztna-dingtalk.com|*.ztna-dingtalk.com|dingtalk.cn|*.dingtalk.cn|myxiaojin.cn|*.myxiaojin.cn|myxiaojinstatic.cn|*.myxiaojinstatic.cn|mybank.cn|*.mybank.cn|credit-inc.cn|*.credit-inc.cn|antglobal-inc.com|*.antglobal-inc.com|alipayplus-corp.com|*.alipayplus-corp.com|alipay.cn|*.alipay.cn|antgroup.com|*.antgroup.com|local|*.local|xunlei.com|*.xunlei.com|zhihu.com|*.zhihu.com|sogou.com|*.sogou.com|wps.cn|*.wps.cn|bilibili.com|*.bilibili.com|163.com|*.163.com|marmot-cloud.com|*.marmot-cloud.com|marmot-cloud.com|*.marmot-cloud.com|lydaas.com|*.lydaas.com|juejin.cn|*.juejin.cn|dingrtc.com|*.dingrtc.com|cainiao.net|*.cainiao.net|zonemng-pool|*.zonemng-pool|mokahr.com|*.mokahr.com|baidu.com|*.baidu.com|bootlin.com|*.bootlin.com|bootlin.com|*.bootlin.com|antlending.com.hk|*.antlending.com.hk|antus-inc.com|*.antus-inc.com|alipaydev.com|*.alipaydev.com|alipayplus.com|*.alipayplus.com|cticloud.cn|*.cticloud.cn"/>
  </properties>
  <testcase name="testInitialize" classname="com.example.nerve.core.NerveCoreTest" time="0.038">
    <system-out><![CDATA[Nerve Core module initialized
]]></system-out>
  </testcase>
  <testcase name="testGetModuleName" classname="com.example.nerve.core.NerveCoreTest" time="0.008"/>
</testsuite>